<?xml version="1.0" encoding="UTF-8"?>
<testng-results ignored="0" total="3" passed="3" failed="0" skipped="0">
  <reporter-output>
  </reporter-output>
  <suite started-at="2026-02-27T08:30:23 IST" name="vTiger Automation Testing" finished-at="2026-02-27T08:32:53 IST" duration-ms="150497">
    <groups>
    </groups>
    <test started-at="2026-02-27T08:30:23 IST" name="Marketing Accounts" finished-at="2026-02-27T08:31:39 IST" duration-ms="75933">
      <class name="com.eva.marketing.submodule.testcases.MarketingAccounts">
        <test-method is-config="true" signature="beforeTestMethod()[pri:0, instance:com.eva.marketing.submodule.testcases.MarketingAccounts@1ce24091]" started-at="2026-02-27T08:30:23 IST" name="beforeTestMethod" finished-at="2026-02-27T08:30:23 IST" duration-ms="20" status="PASS">
          <reporter-output>
          </reporter-output>
        </test-method> <!-- beforeTestMethod -->
        <test-method is-config="true" signature="beforeClassMethod()[pri:0, instance:com.eva.marketing.submodule.testcases.MarketingAccounts@1ce24091]" started-at="2026-02-27T08:30:23 IST" name="beforeClassMethod" finished-at="2026-02-27T08:30:23 IST" duration-ms="1" status="PASS">
          <reporter-output>
          </reporter-output>
        </test-method> <!-- beforeClassMethod -->
        <test-method is-config="true" signature="beforeSuiteMethod()[pri:0, instance:com.eva.marketing.submodule.testcases.MarketingAccounts@1ce24091]" started-at="2026-02-27T08:30:23 IST" name="beforeSuiteMethod" finished-at="2026-02-27T08:30:23 IST" duration-ms="455" status="PASS">
          <reporter-output>
          </reporter-output>
        </test-method> <!-- beforeSuiteMethod -->
        <test-method is-config="true" signature="beforeMethod(java.lang.reflect.Method)[pri:0, instance:com.eva.marketing.submodule.testcases.MarketingAccounts@1ce24091]" started-at="2026-02-27T08:30:23 IST" name="beforeMethod" finished-at="2026-02-27T08:31:08 IST" duration-ms="44626" status="PASS">
          <params>
            <param index="0">
              <value>
                <![CDATA[public void com.eva.marketing.submodule.testcases.MarketingAccounts.verifyCreateNewAccount()]]>
              </value>
            </param>
          </params>
          <reporter-output>
          </reporter-output>
        </test-method> <!-- beforeMethod -->
        <test-method signature="verifyCreateNewAccount()[pri:0, instance:com.eva.marketing.submodule.testcases.MarketingAccounts@1ce24091]" started-at="2026-02-27T08:31:08 IST" name="verifyCreateNewAccount" finished-at="2026-02-27T08:31:36 IST" duration-ms="27831" status="PASS">
          <reporter-output>
          </reporter-output>
        </test-method> <!-- verifyCreateNewAccount -->
        <test-method is-config="true" signature="afterMethod()[pri:0, instance:com.eva.marketing.submodule.testcases.MarketingAccounts@1ce24091]" started-at="2026-02-27T08:31:36 IST" name="afterMethod" finished-at="2026-02-27T08:31:38 IST" duration-ms="2477" status="PASS">
          <reporter-output>
          </reporter-output>
        </test-method> <!-- afterMethod -->
        <test-method is-config="true" signature="afterClass()[pri:0, instance:com.eva.marketing.submodule.testcases.MarketingAccounts@1ce24091]" started-at="2026-02-27T08:31:38 IST" name="afterClass" finished-at="2026-02-27T08:31:39 IST" duration-ms="463" status="PASS">
          <reporter-output>
          </reporter-output>
        </test-method> <!-- afterClass -->
        <test-method is-config="true" signature="afterTest()[pri:0, instance:com.eva.marketing.submodule.testcases.MarketingAccounts@1ce24091]" started-at="2026-02-27T08:31:39 IST" name="afterTest" finished-at="2026-02-27T08:31:39 IST" duration-ms="2" status="PASS">
          <reporter-output>
          </reporter-output>
        </test-method> <!-- afterTest -->
      </class> <!-- com.eva.marketing.submodule.testcases.MarketingAccounts -->
    </test> <!-- Marketing Accounts -->
    <test started-at="2026-02-27T08:31:39 IST" name="Marketing Campaings" finished-at="2026-02-27T08:32:15 IST" duration-ms="35912">
      <class name="com.eva.marketing.submodule.testcases.Marketing_Campaings">
        <test-method is-config="true" signature="beforeTestMethod()[pri:0, instance:com.eva.marketing.submodule.testcases.Marketing_Campaings@71e9ddb4]" started-at="2026-02-27T08:31:39 IST" name="beforeTestMethod" finished-at="2026-02-27T08:31:39 IST" duration-ms="2" status="PASS">
          <reporter-output>
          </reporter-output>
        </test-method> <!-- beforeTestMethod -->
        <test-method is-config="true" signature="beforeClassMethod()[pri:0, instance:com.eva.marketing.submodule.testcases.Marketing_Campaings@71e9ddb4]" started-at="2026-02-27T08:31:39 IST" name="beforeClassMethod" finished-at="2026-02-27T08:31:39 IST" duration-ms="1" status="PASS">
          <reporter-output>
          </reporter-output>
        </test-method> <!-- beforeClassMethod -->
        <test-method is-config="true" signature="beforeSuiteMethod()[pri:0, instance:com.eva.marketing.submodule.testcases.Marketing_Campaings@71e9ddb4]" started-at="2026-02-27T08:31:39 IST" name="beforeSuiteMethod" finished-at="2026-02-27T08:31:39 IST" duration-ms="2" status="PASS">
          <reporter-output>
          </reporter-output>
        </test-method> <!-- beforeSuiteMethod -->
        <test-method is-config="true" signature="beforeMethod(java.lang.reflect.Method)[pri:0, instance:com.eva.marketing.submodule.testcases.Marketing_Campaings@71e9ddb4]" started-at="2026-02-27T08:31:39 IST" name="beforeMethod" finished-at="2026-02-27T08:32:04 IST" duration-ms="25523" status="PASS">
          <params>
            <param index="0">
              <value>
                <![CDATA[public void com.eva.marketing.submodule.testcases.Marketing_Campaings.verifyCreateNewCampaings()]]>
              </value>
            </param>
          </params>
          <reporter-output>
          </reporter-output>
        </test-method> <!-- beforeMethod -->
        <test-method signature="verifyCreateNewCampaings()[pri:0, instance:com.eva.marketing.submodule.testcases.Marketing_Campaings@71e9ddb4]" started-at="2026-02-27T08:32:04 IST" name="verifyCreateNewCampaings" finished-at="2026-02-27T08:32:12 IST" duration-ms="7915" status="PASS">
          <reporter-output>
          </reporter-output>
        </test-method> <!-- verifyCreateNewCampaings -->
        <test-method is-config="true" signature="afterMethod()[pri:0, instance:com.eva.marketing.submodule.testcases.Marketing_Campaings@71e9ddb4]" started-at="2026-02-27T08:32:12 IST" name="afterMethod" finished-at="2026-02-27T08:32:15 IST" duration-ms="2382" status="PASS">
          <reporter-output>
          </reporter-output>
        </test-method> <!-- afterMethod -->
        <test-method is-config="true" signature="afterClass()[pri:0, instance:com.eva.marketing.submodule.testcases.Marketing_Campaings@71e9ddb4]" started-at="2026-02-27T08:32:15 IST" name="afterClass" finished-at="2026-02-27T08:32:15 IST" duration-ms="81" status="PASS">
          <reporter-output>
          </reporter-output>
        </test-method> <!-- afterClass -->
        <test-method is-config="true" signature="afterTest()[pri:0, instance:com.eva.marketing.submodule.testcases.Marketing_Campaings@71e9ddb4]" started-at="2026-02-27T08:32:15 IST" name="afterTest" finished-at="2026-02-27T08:32:15 IST" duration-ms="0" status="PASS">
          <reporter-output>
          </reporter-output>
        </test-method> <!-- afterTest -->
      </class> <!-- com.eva.marketing.submodule.testcases.Marketing_Campaings -->
    </test> <!-- Marketing Campaings -->
    <test started-at="2026-02-27T08:32:15 IST" name="Marketing Leads" finished-at="2026-02-27T08:32:53 IST" duration-ms="38574">
      <class name="com.eva.marketing.submodule.testcases.MarketingLeads">
        <test-method is-config="true" signature="beforeTestMethod()[pri:0, instance:com.eva.marketing.submodule.testcases.MarketingLeads@5aebe890]" started-at="2026-02-27T08:32:15 IST" name="beforeTestMethod" finished-at="2026-02-27T08:32:15 IST" duration-ms="0" status="PASS">
          <reporter-output>
          </reporter-output>
        </test-method> <!-- beforeTestMethod -->
        <test-method is-config="true" signature="beforeSuiteMethod()[pri:0, instance:com.eva.marketing.submodule.testcases.MarketingLeads@5aebe890]" started-at="2026-02-27T08:32:15 IST" name="beforeSuiteMethod" finished-at="2026-02-27T08:32:15 IST" duration-ms="1" status="PASS">
          <reporter-output>
          </reporter-output>
        </test-method> <!-- beforeSuiteMethod -->
        <test-method is-config="true" signature="beforeClassMethod()[pri:0, instance:com.eva.marketing.submodule.testcases.MarketingLeads@5aebe890]" started-at="2026-02-27T08:32:15 IST" name="beforeClassMethod" finished-at="2026-02-27T08:32:15 IST" duration-ms="0" status="PASS">
          <reporter-output>
          </reporter-output>
        </test-method> <!-- beforeClassMethod -->
        <test-method is-config="true" signature="beforeMethod(java.lang.reflect.Method)[pri:0, instance:com.eva.marketing.submodule.testcases.MarketingLeads@5aebe890]" started-at="2026-02-27T08:32:15 IST" name="beforeMethod" finished-at="2026-02-27T08:32:39 IST" duration-ms="24667" status="PASS">
          <params>
            <param index="0">
              <value>
                <![CDATA[public void com.eva.marketing.submodule.testcases.MarketingLeads.verifyCreateLeads()]]>
              </value>
            </param>
          </params>
          <reporter-output>
          </reporter-output>
        </test-method> <!-- beforeMethod -->
        <test-method signature="verifyCreateLeads()[pri:0, instance:com.eva.marketing.submodule.testcases.MarketingLeads@5aebe890]" started-at="2026-02-27T08:32:39 IST" name="verifyCreateLeads" finished-at="2026-02-27T08:32:51 IST" duration-ms="11373" status="PASS">
          <reporter-output>
          </reporter-output>
        </test-method> <!-- verifyCreateLeads -->
        <test-method is-config="true" signature="afterMethod()[pri:0, instance:com.eva.marketing.submodule.testcases.MarketingLeads@5aebe890]" started-at="2026-02-27T08:32:51 IST" name="afterMethod" finished-at="2026-02-27T08:32:53 IST" duration-ms="2437" status="PASS">
          <reporter-output>
          </reporter-output>
        </test-method> <!-- afterMethod -->
        <test-method is-config="true" signature="afterClass()[pri:0, instance:com.eva.marketing.submodule.testcases.MarketingLeads@5aebe890]" started-at="2026-02-27T08:32:53 IST" name="afterClass" finished-at="2026-02-27T08:32:53 IST" duration-ms="90" status="PASS">
          <reporter-output>
          </reporter-output>
        </test-method> <!-- afterClass -->
        <test-method is-config="true" signature="afterTest()[pri:0, instance:com.eva.marketing.submodule.testcases.MarketingLeads@5aebe890]" started-at="2026-02-27T08:32:53 IST" name="afterTest" finished-at="2026-02-27T08:32:53 IST" duration-ms="1" status="PASS">
          <reporter-output>
          </reporter-output>
        </test-method> <!-- afterTest -->
        <test-method is-config="true" signature="afterSuite()[pri:0, instance:com.eva.marketing.submodule.testcases.MarketingLeads@5aebe890]" started-at="2026-02-27T08:32:53 IST" name="afterSuite" finished-at="2026-02-27T08:32:53 IST" duration-ms="1" status="PASS">
          <reporter-output>
          </reporter-output>
        </test-method> <!-- afterSuite -->
      </class> <!-- com.eva.marketing.submodule.testcases.MarketingLeads -->
    </test> <!-- Marketing Leads -->
  </suite> <!-- vTiger Automation Testing -->
</testng-results>
