<?xml version="1.0" encoding="UTF-8"?>
<testng-results ignored="0" total="1" passed="1" failed="0" skipped="0">
  <reporter-output>
  </reporter-output>
  <suite started-at="2026-02-27T20:04:11 IST" name="vTiger Automation Testing" finished-at="2026-02-27T20:05:15 IST" duration-ms="63577">
    <groups>
    </groups>
    <test started-at="2026-02-27T20:04:11 IST" name="Marketing Accounts" finished-at="2026-02-27T20:05:15 IST" duration-ms="63577">
      <class name="com.eva.marketing.submodule.testcases.MarketingAccounts">
        <test-method is-config="true" signature="beforeTestMethod()[pri:0, instance:com.eva.marketing.submodule.testcases.MarketingAccounts@1ce24091]" started-at="2026-02-27T20:04:11 IST" name="beforeTestMethod" finished-at="2026-02-27T20:04:11 IST" duration-ms="79" status="PASS">
          <reporter-output>
          </reporter-output>
        </test-method> <!-- beforeTestMethod -->
        <test-method is-config="true" signature="beforeClassMethod()[pri:0, instance:com.eva.marketing.submodule.testcases.MarketingAccounts@1ce24091]" started-at="2026-02-27T20:04:11 IST" name="beforeClassMethod" finished-at="2026-02-27T20:04:11 IST" duration-ms="1" status="PASS">
          <reporter-output>
          </reporter-output>
        </test-method> <!-- beforeClassMethod -->
        <test-method is-config="true" signature="beforeSuiteMethod()[pri:0, instance:com.eva.marketing.submodule.testcases.MarketingAccounts@1ce24091]" started-at="2026-02-27T20:04:11 IST" name="beforeSuiteMethod" finished-at="2026-02-27T20:04:12 IST" duration-ms="707" status="PASS">
          <reporter-output>
          </reporter-output>
        </test-method> <!-- beforeSuiteMethod -->
        <test-method is-config="true" signature="beforeMethod(java.lang.reflect.Method)[pri:0, instance:com.eva.marketing.submodule.testcases.MarketingAccounts@1ce24091]" started-at="2026-02-27T20:04:12 IST" name="beforeMethod" finished-at="2026-02-27T20:04:48 IST" duration-ms="35862" status="PASS">
          <params>
            <param index="0">
              <value>
                <![CDATA[public void com.eva.marketing.submodule.testcases.MarketingAccounts.verifyCreateNewAccount()]]>
              </value>
            </param>
          </params>
          <reporter-output>
          </reporter-output>
        </test-method> <!-- beforeMethod -->
        <test-method signature="verifyCreateNewAccount()[pri:0, instance:com.eva.marketing.submodule.testcases.MarketingAccounts@1ce24091]" started-at="2026-02-27T20:04:48 IST" name="verifyCreateNewAccount" finished-at="2026-02-27T20:05:11 IST" duration-ms="23304" status="PASS">
          <reporter-output>
          </reporter-output>
        </test-method> <!-- verifyCreateNewAccount -->
        <test-method is-config="true" signature="afterMethod()[pri:0, instance:com.eva.marketing.submodule.testcases.MarketingAccounts@1ce24091]" started-at="2026-02-27T20:05:11 IST" name="afterMethod" finished-at="2026-02-27T20:05:14 IST" duration-ms="2767" status="PASS">
          <reporter-output>
          </reporter-output>
        </test-method> <!-- afterMethod -->
        <test-method is-config="true" signature="afterClass()[pri:0, instance:com.eva.marketing.submodule.testcases.MarketingAccounts@1ce24091]" started-at="2026-02-27T20:05:14 IST" name="afterClass" finished-at="2026-02-27T20:05:15 IST" duration-ms="741" status="PASS">
          <reporter-output>
          </reporter-output>
        </test-method> <!-- afterClass -->
        <test-method is-config="true" signature="afterTest()[pri:0, instance:com.eva.marketing.submodule.testcases.MarketingAccounts@1ce24091]" started-at="2026-02-27T20:05:15 IST" name="afterTest" finished-at="2026-02-27T20:05:15 IST" duration-ms="1" status="PASS">
          <reporter-output>
          </reporter-output>
        </test-method> <!-- afterTest -->
        <test-method is-config="true" signature="afterSuite()[pri:0, instance:com.eva.marketing.submodule.testcases.MarketingAccounts@1ce24091]" started-at="2026-02-27T20:05:15 IST" name="afterSuite" finished-at="2026-02-27T20:05:15 IST" duration-ms="1" status="PASS">
          <reporter-output>
          </reporter-output>
        </test-method> <!-- afterSuite -->
      </class> <!-- com.eva.marketing.submodule.testcases.MarketingAccounts -->
    </test> <!-- Marketing Accounts -->
  </suite> <!-- vTiger Automation Testing -->
</testng-results>
