<?xml version="1.0" encoding="UTF-8"?>
<!-- Generated by org.testng.reporters.JUnitReportReporter -->
<testsuite hostname="ShaileshKumar" failures="0" tests="1" name="com.eva.marketing.submodule.testcases.MarketingAccounts" time="61.933" errors="0" timestamp="2026-02-27T20:05:15 IST" skipped="0">
  <testcase classname="com.eva.marketing.submodule.testcases.MarketingAccounts" name="verifyCreateNewAccount" time="61.933"/>
</testsuite> <!-- com.eva.marketing.submodule.testcases.MarketingAccounts -->
