<?xml version="1.0" encoding="UTF-8"?>
<!-- Generated by org.testng.reporters.JUnitReportReporter -->
<testsuite hostname="ShaileshKumar" failures="0" tests="1" name="com.eva.marketing.submodule.testcases.Marketing_Campaings" time="35.820" errors="0" timestamp="2026-02-27T08:32:53 IST" skipped="0">
  <testcase classname="com.eva.marketing.submodule.testcases.Marketing_Campaings" name="verifyCreateNewCampaings" time="35.820"/>
</testsuite> <!-- com.eva.marketing.submodule.testcases.Marketing_Campaings -->
